0.00039115 0.00060838 0.00136864 0.00005000 
0.00121870 0.00090370 0.00046457 0.00005000 
0.00101030 0.00122214 0.00130405 0.00005000 
0.00013174 0.00105131 0.00149073 0.00005000 
0.00131688 0.00049240 0.00111308 0.00005000 
0.00092376 0.00136527 0.00146859 0.00005000 
0.00045003 0.00007742 0.00100717 0.00005000 
0.00149890 0.00102557 0.00108776 0.00005000 
0.00029996 0.00053822 0.00048480 0.00005000 
0.00127346 0.00013359 0.00059090 0.00005000 
0.00067624 0.00102477 0.00084127 0.00005000 
0.00053299 0.00019527 0.00152894 0.00005000 
0.00123544 0.00069798 0.00076649 0.00005000 
0.00142195 0.00019783 0.00122388 0.00005000 
0.00057398 0.00093382 0.00030486 0.00005000 
0.00133822 0.00125078 0.00067428 0.00005000 
0.00070506 0.00019896 0.00011784 0.00005000 
0.00046682 0.00130606 0.00069868 0.00005000 
0.00078439 0.00077386 0.00134021 0.00005000 
0.00066007 0.00150150 0.00141737 0.00005000 
0.00142586 0.00110783 0.00154782 0.00005000 
0.00058520 0.00065488 0.00059088 0.00005000 
0.00140495 0.00040412 0.00046950 0.00005000 
0.00007873 0.00111163 0.00127704 0.00005000 
0.00042263 0.00093152 0.00116297 0.00005000 
0.00009239 0.00038334 0.00086282 0.00005000 
0.00078395 0.00100226 0.00053406 0.00005000 
0.00110262 0.00092389 0.00081556 0.00005000 
0.00011001 0.00042452 0.00148496 0.00005000 
0.00126670 0.00047604 0.00135176 0.00005000 
0.00111733 0.00140099 0.00052936 0.00005000 
0.00051743 0.00102209 0.00098073 0.00005000 
0.00018586 0.00053536 0.00126004 0.00005000 
0.00048987 0.00029066 0.00094652 0.00005000 
0.00006857 0.00014066 0.00113881 0.00005000 
0.00133119 0.00046273 0.00084244 0.00005000 
0.00111384 0.00134757 0.00090662 0.00005000 
0.00049102 0.00094097 0.00078851 0.00005000 
0.00010327 0.00083322 0.00031311 0.00005000 
0.00123619 0.00128521 0.00135107 0.00005000 
0.00152307 0.00031219 0.00093659 0.00005000 
0.00043168 0.00073861 0.00032660 0.00005000 
0.00135280 0.00147580 0.00025916 0.00005000 
0.00065228 0.00016498 0.00052681 0.00005000 
0.00134142 0.00153389 0.00138976 0.00005000 
0.00013090 0.00033474 0.00062335 0.00005000 
0.00030631 0.00102749 0.00095245 0.00005000 
0.00042657 0.00084981 0.00008388 0.00005000 
0.00118963 0.00111993 0.00006581 0.00005000 
0.00099584 0.00021207 0.00055735 0.00005000 
0.00026159 0.00016884 0.00097471 0.00005000 
0.00011165 0.00068597 0.00072817 0.00005000 
0.00037095 0.00005303 0.00064330 0.00005000 
0.00152209 0.00033532 0.00021265 0.00005000 
0.00109953 0.00064235 0.00038621 0.00005000 
0.00033971 0.00110250 0.00063198 0.00005000 
0.00152683 0.00141278 0.00067874 0.00005000 
0.00101603 0.00128575 0.00013397 0.00005000 
0.00016992 0.00039385 0.00031928 0.00005000 
0.00110739 0.00152868 0.00111071 0.00005000 
0.00099668 0.00090202 0.00056535 0.00005000 
0.00122981 0.00050458 0.00005949 0.00005000 
0.00087681 0.00153150 0.00086014 0.00005000 
0.00006337 0.00073044 0.00148571 0.00005000 
0.00025184 0.00128453 0.00016290 0.00005000 
0.00023336 0.00073941 0.00115800 0.00005000 
0.00134313 0.00083766 0.00103643 0.00005000 
0.00083856 0.00129412 0.00086201 0.00005000 
0.00074012 0.00100678 0.00006876 0.00005000 
0.00134469 0.00011693 0.00099408 0.00005000 
0.00036467 0.00081567 0.00096207 0.00005000 
0.00048591 0.00086359 0.00058942 0.00005000 
0.00056683 0.00056066 0.00154422 0.00005000 
0.00040586 0.00150893 0.00061678 0.00005000 
0.00027826 0.00021464 0.00019366 0.00005000 
0.00031731 0.00067797 0.00080659 0.00005000 
0.00111299 0.00016471 0.00140022 0.00005000 
0.00133354 0.00063076 0.00032276 0.00005000 
0.00154388 0.00059970 0.00136102 0.00005000 
0.00103743 0.00077491 0.00018455 0.00005000 
0.00042805 0.00144631 0.00023625 0.00005000 
0.00069803 0.00081401 0.00104436 0.00005000 
0.00122433 0.00077367 0.00140077 0.00005000 
0.00066663 0.00034760 0.00031189 0.00005000 
0.00016198 0.00010532 0.00046049 0.00005000 
0.00085384 0.00085825 0.00086323 0.00005000 
0.00089215 0.00142136 0.00067565 0.00005000 
0.00128252 0.00017030 0.00026094 0.00005000 
0.00098527 0.00124747 0.00046041 0.00005000 
0.00109684 0.00060970 0.00062723 0.00005000 
0.00038381 0.00139243 0.00131572 0.00005000 
0.00046208 0.00057682 0.00102208 0.00005000 
0.00124333 0.00105795 0.00101909 0.00005000 
0.00112123 0.00040960 0.00098351 0.00005000 
0.00081079 0.00049074 0.00063887 0.00005000 
0.00146455 0.00137830 0.00105231 0.00005000 
0.00070809 0.00057675 0.00124046 0.00005000 
0.00098294 0.00051322 0.00130409 0.00005000 
0.00099787 0.00101058 0.00142746 0.00005000 
0.00021031 0.00005622 0.00131265 0.00005000 
0.00081773 0.00023169 0.00115520 0.00005000 
0.00062477 0.00062042 0.00081215 0.00005000 
0.00108857 0.00064741 0.00093986 0.00005000 
0.00112911 0.00097781 0.00125128 0.00005000 
0.00031725 0.00118868 0.00126843 0.00005000 
0.00118089 0.00141397 0.00010619 0.00005000 
0.00060846 0.00119177 0.00149238 0.00005000 
0.00103579 0.00038699 0.00028255 0.00005000 
0.00133625 0.00005361 0.00148528 0.00005000 
0.00140742 0.00129475 0.00047222 0.00005000 
0.00035928 0.00009936 0.00038144 0.00005000 
0.00051333 0.00053946 0.00021884 0.00005000 
0.00143633 0.00130661 0.00146312 0.00005000 
0.00023833 0.00069392 0.00018714 0.00005000 
0.00106725 0.00009693 0.00075533 0.00005000 
0.00064629 0.00138106 0.00096613 0.00005000 
0.00024000 0.00047281 0.00010709 0.00005000 
0.00066587 0.00149772 0.00013823 0.00005000 
0.00083506 0.00045556 0.00016144 0.00005000 
0.00149581 0.00067587 0.00012505 0.00005000 
0.00093922 0.00110184 0.00030241 0.00005000 
0.00048735 0.00154066 0.00090873 0.00005000 
0.00019308 0.00131577 0.00084499 0.00005000 
0.00081354 0.00011305 0.00140196 0.00005000 
0.00063186 0.00096190 0.00123693 0.00005000 
0.00138453 0.00071474 0.00124758 0.00005000 
0.00068681 0.00153101 0.00045884 0.00005000 
0.00153863 0.00104937 0.00050343 0.00005000 
0.00029812 0.00027501 0.00137097 0.00005000 
0.00099637 0.00114505 0.00105161 0.00005000 
0.00126183 0.00153176 0.00067915 0.00005000 
0.00010906 0.00145025 0.00010160 0.00005000 
0.00088407 0.00045012 0.00091975 0.00005000 
0.00095897 0.00074474 0.00108934 0.00005000 
0.00137122 0.00070563 0.00059840 0.00005000 
0.00078619 0.00131138 0.00013539 0.00005000 
0.00021530 0.00117732 0.00046511 0.00005000 
0.00095406 0.00027266 0.00149178 0.00005000 
0.00100048 0.00027965 0.00007718 0.00005000 
0.00033568 0.00046164 0.00087917 0.00005000 
0.00147515 0.00067438 0.00095615 0.00005000 
0.00063560 0.00013739 0.00081560 0.00005000 
0.00014237 0.00142814 0.00139530 0.00005000 
0.00078270 0.00093882 0.00148032 0.00005000 
0.00038325 0.00034719 0.00065385 0.00005000 
0.00080460 0.00083138 0.00024431 0.00005000 
0.00150739 0.00078624 0.00031480 0.00005000 
0.00071258 0.00111309 0.00032759 0.00005000 
0.00059255 0.00120461 0.00107343 0.00005000 
0.00051921 0.00085295 0.00151217 0.00005000 
0.00005597 0.00117585 0.00021462 0.00005000 
0.00072430 0.00137409 0.00117014 0.00005000 
0.00141065 0.00104616 0.00023262 0.00005000 
0.00012313 0.00143186 0.00104939 0.00005000 
0.00096644 0.00014427 0.00028719 0.00005000 
0.00052632 0.00019386 0.00122467 0.00005000 
0.00152074 0.00036101 0.00071400 0.00005000 
0.00108030 0.00015958 0.00105852 0.00005000 
0.00006676 0.00057322 0.00049959 0.00005000 
0.00057266 0.00120994 0.00047910 0.00005000 
0.00073025 0.00069537 0.00042572 0.00005000 
0.00008662 0.00147660 0.00058743 0.00005000 
0.00023985 0.00080062 0.00048700 0.00005000 
0.00049277 0.00045841 0.00123593 0.00005000 
